mode: set
github.com/BattlesnakeOfficial/starter-snake-go/board.go:7.56,15.2 5 1
github.com/BattlesnakeOfficial/starter-snake-go/board.go:17.53,26.17 6 0
github.com/BattlesnakeOfficial/starter-snake-go/board.go:36.2,36.17 1 0
github.com/BattlesnakeOfficial/starter-snake-go/board.go:48.2,48.13 1 0
github.com/BattlesnakeOfficial/starter-snake-go/board.go:26.17,27.31 1 0
github.com/BattlesnakeOfficial/starter-snake-go/board.go:27.31,29.4 1 0
github.com/BattlesnakeOfficial/starter-snake-go/board.go:30.8,31.31 1 0
github.com/BattlesnakeOfficial/starter-snake-go/board.go:31.31,33.4 1 0
github.com/BattlesnakeOfficial/starter-snake-go/board.go:36.17,37.31 1 0
github.com/BattlesnakeOfficial/starter-snake-go/board.go:37.31,39.4 1 0
github.com/BattlesnakeOfficial/starter-snake-go/board.go:40.8,41.31 1 0
github.com/BattlesnakeOfficial/starter-snake-go/board.go:41.31,43.4 1 0
github.com/BattlesnakeOfficial/starter-snake-go/board.go:51.58,52.40 1 0
github.com/BattlesnakeOfficial/starter-snake-go/board.go:59.2,59.14 1 0
github.com/BattlesnakeOfficial/starter-snake-go/board.go:52.40,53.41 1 0
github.com/BattlesnakeOfficial/starter-snake-go/board.go:53.41,54.27 1 0
github.com/BattlesnakeOfficial/starter-snake-go/board.go:54.27,56.5 1 0
github.com/BattlesnakeOfficial/starter-snake-go/board.go:62.77,68.27 2 0
github.com/BattlesnakeOfficial/starter-snake-go/board.go:82.2,82.27 1 0
github.com/BattlesnakeOfficial/starter-snake-go/board.go:96.2,96.27 1 0
github.com/BattlesnakeOfficial/starter-snake-go/board.go:110.2,110.27 1 0
github.com/BattlesnakeOfficial/starter-snake-go/board.go:123.2,123.11 1 0
github.com/BattlesnakeOfficial/starter-snake-go/board.go:68.27,69.34 1 0
github.com/BattlesnakeOfficial/starter-snake-go/board.go:73.3,73.67 1 0
github.com/BattlesnakeOfficial/starter-snake-go/board.go:77.3,78.81 2 0
github.com/BattlesnakeOfficial/starter-snake-go/board.go:69.34,70.9 1 0
github.com/BattlesnakeOfficial/starter-snake-go/board.go:73.67,74.9 1 0
github.com/BattlesnakeOfficial/starter-snake-go/board.go:82.27,83.21 1 0
github.com/BattlesnakeOfficial/starter-snake-go/board.go:87.3,87.67 1 0
github.com/BattlesnakeOfficial/starter-snake-go/board.go:91.3,92.80 2 0
github.com/BattlesnakeOfficial/starter-snake-go/board.go:83.21,84.9 1 0
github.com/BattlesnakeOfficial/starter-snake-go/board.go:87.67,88.9 1 0
github.com/BattlesnakeOfficial/starter-snake-go/board.go:96.27,97.35 1 0
github.com/BattlesnakeOfficial/starter-snake-go/board.go:101.3,101.67 1 0
github.com/BattlesnakeOfficial/starter-snake-go/board.go:105.3,106.78 2 0
github.com/BattlesnakeOfficial/starter-snake-go/board.go:97.35,98.9 1 0
github.com/BattlesnakeOfficial/starter-snake-go/board.go:101.67,102.9 1 0
github.com/BattlesnakeOfficial/starter-snake-go/board.go:110.27,111.21 1 0
github.com/BattlesnakeOfficial/starter-snake-go/board.go:115.3,115.67 1 0
github.com/BattlesnakeOfficial/starter-snake-go/board.go:119.3,120.80 2 0
github.com/BattlesnakeOfficial/starter-snake-go/board.go:111.21,112.9 1 0
github.com/BattlesnakeOfficial/starter-snake-go/board.go:115.67,116.9 1 0
github.com/BattlesnakeOfficial/starter-snake-go/board.go:126.46,133.2 1 0
github.com/BattlesnakeOfficial/starter-snake-go/board.go:135.69,138.27 2 0
github.com/BattlesnakeOfficial/starter-snake-go/board.go:144.2,144.14 1 0
github.com/BattlesnakeOfficial/starter-snake-go/board.go:138.27,139.38 1 0
github.com/BattlesnakeOfficial/starter-snake-go/board.go:139.38,141.4 1 0
github.com/BattlesnakeOfficial/starter-snake-go/board.go:147.89,151.27 3 0
github.com/BattlesnakeOfficial/starter-snake-go/board.go:158.2,158.22 1 0
github.com/BattlesnakeOfficial/starter-snake-go/board.go:151.27,152.38 1 0
github.com/BattlesnakeOfficial/starter-snake-go/board.go:152.38,155.4 2 0
github.com/BattlesnakeOfficial/starter-snake-go/board.go:161.57,166.27 3 0
github.com/BattlesnakeOfficial/starter-snake-go/board.go:172.2,172.14 1 0
github.com/BattlesnakeOfficial/starter-snake-go/board.go:166.27,167.38 1 0
github.com/BattlesnakeOfficial/starter-snake-go/board.go:167.38,169.4 1 0
github.com/BattlesnakeOfficial/starter-snake-go/board.go:175.49,186.2 1 0
github.com/BattlesnakeOfficial/starter-snake-go/board.go:188.60,189.29 1 0
github.com/BattlesnakeOfficial/starter-snake-go/board.go:194.2,194.14 1 0
github.com/BattlesnakeOfficial/starter-snake-go/board.go:189.29,190.18 1 0
github.com/BattlesnakeOfficial/starter-snake-go/board.go:190.18,192.4 1 0
github.com/BattlesnakeOfficial/starter-snake-go/main.go:23.37,33.2 2 0
github.com/BattlesnakeOfficial/starter-snake-go/main.go:36.29,38.2 1 0
github.com/BattlesnakeOfficial/starter-snake-go/main.go:41.27,43.2 1 0
github.com/BattlesnakeOfficial/starter-snake-go/main.go:48.52,79.2 15 0
github.com/BattlesnakeOfficial/starter-snake-go/main.go:81.13,83.2 1 0
github.com/BattlesnakeOfficial/starter-snake-go/basic.go:5.58,10.25 3 1
github.com/BattlesnakeOfficial/starter-snake-go/basic.go:23.2,23.11 1 1
github.com/BattlesnakeOfficial/starter-snake-go/basic.go:10.25,13.3 1 1
github.com/BattlesnakeOfficial/starter-snake-go/basic.go:13.8,13.32 1 1
github.com/BattlesnakeOfficial/starter-snake-go/basic.go:13.32,16.3 1 1
github.com/BattlesnakeOfficial/starter-snake-go/basic.go:16.8,16.32 1 1
github.com/BattlesnakeOfficial/starter-snake-go/basic.go:16.32,19.3 1 1
github.com/BattlesnakeOfficial/starter-snake-go/basic.go:19.8,19.32 1 1
github.com/BattlesnakeOfficial/starter-snake-go/basic.go:19.32,21.3 1 1
github.com/BattlesnakeOfficial/starter-snake-go/basic.go:26.59,30.19 2 1
github.com/BattlesnakeOfficial/starter-snake-go/basic.go:34.2,34.34 1 1
github.com/BattlesnakeOfficial/starter-snake-go/basic.go:38.2,38.19 1 1
github.com/BattlesnakeOfficial/starter-snake-go/basic.go:42.2,42.35 1 1
github.com/BattlesnakeOfficial/starter-snake-go/basic.go:46.2,46.11 1 1
github.com/BattlesnakeOfficial/starter-snake-go/basic.go:30.19,32.3 1 1
github.com/BattlesnakeOfficial/starter-snake-go/basic.go:34.34,36.3 1 1
github.com/BattlesnakeOfficial/starter-snake-go/basic.go:38.19,40.3 1 1
github.com/BattlesnakeOfficial/starter-snake-go/basic.go:42.35,44.3 1 1
github.com/BattlesnakeOfficial/starter-snake-go/basic.go:49.58,53.43 2 1
github.com/BattlesnakeOfficial/starter-snake-go/basic.go:76.2,76.11 1 1
github.com/BattlesnakeOfficial/starter-snake-go/basic.go:53.43,55.57 1 1
github.com/BattlesnakeOfficial/starter-snake-go/basic.go:60.3,60.57 1 1
github.com/BattlesnakeOfficial/starter-snake-go/basic.go:65.3,65.57 1 1
github.com/BattlesnakeOfficial/starter-snake-go/basic.go:70.3,70.57 1 1
github.com/BattlesnakeOfficial/starter-snake-go/basic.go:55.57,58.4 2 1
github.com/BattlesnakeOfficial/starter-snake-go/basic.go:60.57,63.4 2 1
github.com/BattlesnakeOfficial/starter-snake-go/basic.go:65.57,68.4 2 1
github.com/BattlesnakeOfficial/starter-snake-go/basic.go:70.57,73.4 2 1
github.com/BattlesnakeOfficial/starter-snake-go/basic.go:79.60,82.40 2 1
github.com/BattlesnakeOfficial/starter-snake-go/basic.go:138.2,138.11 1 1
github.com/BattlesnakeOfficial/starter-snake-go/basic.go:82.40,83.39 1 1
github.com/BattlesnakeOfficial/starter-snake-go/basic.go:83.39,86.70 1 1
github.com/BattlesnakeOfficial/starter-snake-go/basic.go:110.4,110.70 1 1
github.com/BattlesnakeOfficial/starter-snake-go/basic.go:86.70,88.59 1 1
github.com/BattlesnakeOfficial/starter-snake-go/basic.go:93.5,93.59 1 1
github.com/BattlesnakeOfficial/starter-snake-go/basic.go:98.5,98.59 1 1
github.com/BattlesnakeOfficial/starter-snake-go/basic.go:103.5,103.59 1 1
github.com/BattlesnakeOfficial/starter-snake-go/basic.go:88.59,91.6 2 0
github.com/BattlesnakeOfficial/starter-snake-go/basic.go:93.59,96.6 2 0
github.com/BattlesnakeOfficial/starter-snake-go/basic.go:98.59,101.6 2 0
github.com/BattlesnakeOfficial/starter-snake-go/basic.go:103.59,106.6 2 1
github.com/BattlesnakeOfficial/starter-snake-go/basic.go:110.70,111.50 1 1
github.com/BattlesnakeOfficial/starter-snake-go/basic.go:111.50,112.60 1 1
github.com/BattlesnakeOfficial/starter-snake-go/basic.go:117.6,117.60 1 1
github.com/BattlesnakeOfficial/starter-snake-go/basic.go:122.6,122.60 1 1
github.com/BattlesnakeOfficial/starter-snake-go/basic.go:127.6,127.60 1 1
github.com/BattlesnakeOfficial/starter-snake-go/basic.go:112.60,115.7 2 1
github.com/BattlesnakeOfficial/starter-snake-go/basic.go:117.60,120.7 2 1
github.com/BattlesnakeOfficial/starter-snake-go/basic.go:122.60,125.7 2 1
github.com/BattlesnakeOfficial/starter-snake-go/basic.go:127.60,130.7 2 1
github.com/BattlesnakeOfficial/starter-snake-go/basic.go:141.81,145.40 2 0
github.com/BattlesnakeOfficial/starter-snake-go/basic.go:191.2,191.11 1 0
github.com/BattlesnakeOfficial/starter-snake-go/basic.go:145.40,146.41 1 0
github.com/BattlesnakeOfficial/starter-snake-go/basic.go:150.3,150.28 1 0
github.com/BattlesnakeOfficial/starter-snake-go/basic.go:154.3,163.73 6 0
github.com/BattlesnakeOfficial/starter-snake-go/basic.go:170.3,170.74 1 0
github.com/BattlesnakeOfficial/starter-snake-go/basic.go:177.3,177.71 1 0
github.com/BattlesnakeOfficial/starter-snake-go/basic.go:184.3,184.73 1 0
github.com/BattlesnakeOfficial/starter-snake-go/basic.go:146.41,147.12 1 0
github.com/BattlesnakeOfficial/starter-snake-go/basic.go:150.28,151.12 1 0
github.com/BattlesnakeOfficial/starter-snake-go/basic.go:163.73,166.4 2 0
github.com/BattlesnakeOfficial/starter-snake-go/basic.go:170.74,173.4 2 0
github.com/BattlesnakeOfficial/starter-snake-go/basic.go:177.71,180.4 2 0
github.com/BattlesnakeOfficial/starter-snake-go/basic.go:184.73,187.4 2 0
github.com/BattlesnakeOfficial/starter-snake-go/basic.go:194.85,201.27 4 0
github.com/BattlesnakeOfficial/starter-snake-go/basic.go:205.2,205.42 1 0
github.com/BattlesnakeOfficial/starter-snake-go/basic.go:225.2,225.11 1 0
github.com/BattlesnakeOfficial/starter-snake-go/basic.go:201.27,203.3 1 0
github.com/BattlesnakeOfficial/starter-snake-go/basic.go:205.42,208.34 1 0
github.com/BattlesnakeOfficial/starter-snake-go/basic.go:213.3,213.34 1 0
github.com/BattlesnakeOfficial/starter-snake-go/basic.go:217.3,217.34 1 0
github.com/BattlesnakeOfficial/starter-snake-go/basic.go:221.3,221.34 1 0
github.com/BattlesnakeOfficial/starter-snake-go/basic.go:208.34,211.4 1 0
github.com/BattlesnakeOfficial/starter-snake-go/basic.go:213.34,215.4 1 0
github.com/BattlesnakeOfficial/starter-snake-go/basic.go:217.34,219.4 1 0
github.com/BattlesnakeOfficial/starter-snake-go/basic.go:221.34,223.4 1 0
github.com/BattlesnakeOfficial/starter-snake-go/basic.go:228.47,232.31 3 0
github.com/BattlesnakeOfficial/starter-snake-go/basic.go:237.2,237.31 1 0
github.com/BattlesnakeOfficial/starter-snake-go/basic.go:242.2,242.32 1 0
github.com/BattlesnakeOfficial/starter-snake-go/basic.go:247.2,249.17 3 0
github.com/BattlesnakeOfficial/starter-snake-go/basic.go:232.31,235.3 2 0
github.com/BattlesnakeOfficial/starter-snake-go/basic.go:237.31,240.3 2 0
github.com/BattlesnakeOfficial/starter-snake-go/basic.go:242.32,245.3 2 0
github.com/BattlesnakeOfficial/starter-snake-go/food.go:7.42,12.37 3 0
github.com/BattlesnakeOfficial/starter-snake-go/food.go:18.2,19.20 2 0
github.com/BattlesnakeOfficial/starter-snake-go/food.go:12.37,13.95 1 0
github.com/BattlesnakeOfficial/starter-snake-go/food.go:13.95,15.4 1 0
github.com/BattlesnakeOfficial/starter-snake-go/logging.go:5.37,12.2 4 0
github.com/BattlesnakeOfficial/starter-snake-go/server.go:12.58,17.16 4 0
github.com/BattlesnakeOfficial/starter-snake-go/server.go:17.16,19.3 1 0
github.com/BattlesnakeOfficial/starter-snake-go/server.go:22.58,25.16 3 0
github.com/BattlesnakeOfficial/starter-snake-go/server.go:30.2,30.14 1 0
github.com/BattlesnakeOfficial/starter-snake-go/server.go:25.16,28.3 2 0
github.com/BattlesnakeOfficial/starter-snake-go/server.go:35.57,38.16 3 0
github.com/BattlesnakeOfficial/starter-snake-go/server.go:43.2,50.16 7 0
github.com/BattlesnakeOfficial/starter-snake-go/server.go:38.16,41.3 2 0
github.com/BattlesnakeOfficial/starter-snake-go/server.go:50.16,53.3 2 0
github.com/BattlesnakeOfficial/starter-snake-go/server.go:56.56,59.16 3 0
github.com/BattlesnakeOfficial/starter-snake-go/server.go:64.2,64.12 1 0
github.com/BattlesnakeOfficial/starter-snake-go/server.go:59.16,62.3 2 0
github.com/BattlesnakeOfficial/starter-snake-go/server.go:73.59,74.54 1 0
github.com/BattlesnakeOfficial/starter-snake-go/server.go:74.54,77.3 2 0
github.com/BattlesnakeOfficial/starter-snake-go/server.go:82.18,90.20 6 0
github.com/BattlesnakeOfficial/starter-snake-go/server.go:94.2,100.47 6 0
github.com/BattlesnakeOfficial/starter-snake-go/server.go:90.20,92.3 1 0
github.com/BattlesnakeOfficial/starter-snake-go/database.go:11.23,14.16 3 0
github.com/BattlesnakeOfficial/starter-snake-go/database.go:17.2,17.11 1 0
github.com/BattlesnakeOfficial/starter-snake-go/database.go:14.16,15.13 1 0
github.com/BattlesnakeOfficial/starter-snake-go/database.go:20.35,25.16 4 0
github.com/BattlesnakeOfficial/starter-snake-go/database.go:25.16,26.13 1 0
github.com/BattlesnakeOfficial/starter-snake-go/database.go:30.57,33.16 3 0
github.com/BattlesnakeOfficial/starter-snake-go/database.go:36.2,37.16 2 0
github.com/BattlesnakeOfficial/starter-snake-go/database.go:40.2,42.16 3 0
github.com/BattlesnakeOfficial/starter-snake-go/database.go:45.2,46.16 2 0
github.com/BattlesnakeOfficial/starter-snake-go/database.go:49.2,49.13 1 0
github.com/BattlesnakeOfficial/starter-snake-go/database.go:33.16,34.13 1 0
github.com/BattlesnakeOfficial/starter-snake-go/database.go:37.16,38.13 1 0
github.com/BattlesnakeOfficial/starter-snake-go/database.go:42.16,43.13 1 0
github.com/BattlesnakeOfficial/starter-snake-go/database.go:46.16,47.13 1 0
github.com/BattlesnakeOfficial/starter-snake-go/database.go:52.26,54.2 1 0
